<!DOCTYPE html>
<!--
 | Generated by Apache Maven Doxia Site Renderer 1.7.4 at 2018-01-29 
 | Rendered using Apache Maven Fluido Skin 1.6
-->
<html xmlns="http://www.w3.org/1999/xhtml" xml:lang="en" lang="en">
  <head>
    <meta charset="UTF-8" />
    <meta name="viewport" content="width=device-width, initial-scale=1.0" />
    <meta name="Date-Revision-yyyymmdd" content="20180129" />
    <meta http-equiv="Content-Language" content="en" />
    <title>dependency-check-core &#x2013; Surefire Report</title>
    <link rel="stylesheet" href="./css/apache-maven-fluido-1.6.min.css" />
    <link rel="stylesheet" href="./css/site.css" />
    <link rel="stylesheet" href="./css/print.css" media="print" />
      <script type="text/javascript" src="./js/apache-maven-fluido-1.6.min.js"></script>
<style type="text/css">
                #bannerLeft { margin-top:-20px;margin-bottom:5px !important }
            </style>
      </head>
    <body class="topBarDisabled">
                      <a href="https://github.com/jeremylong/DependencyCheck">
      <img style="position: absolute; top: 0; right: 0; border: 0; z-index: 10000;"
        src="https://s3.amazonaws.com/github/ribbons/forkme_right_gray_6d6d6d.png"
        alt="Fork me on GitHub">
    </a>
      <div class="container-fluid">
      <div id="banner">
        <div class="pull-left"><div id="bannerLeft"><img src="images/dc-core.svg"  alt="OWASP dependency-check-core"/></div>
</div>
        <div class="pull-right"></div>
        <div class="clear"><hr/></div>
      </div>

      <div id="breadcrumbs">
        <ul class="breadcrumb">
        <li class=""><a href="../#" title=""></a><span class="divider">/</span></li>
      <li class=""><a href="../index.html" title="dependency-check">dependency-check</a><span class="divider">/</span></li>
    <li class="active ">Surefire Report</li>
        <li id="publishDate" class="pull-right"><span class="divider">|</span> Last Published: 2018-01-29</li>
          <li id="projectVersion" class="pull-right">Version: 3.1.1</li>
        </ul>
      </div>
      <div class="row-fluid">
        <div id="leftColumn" class="span2">
          <div class="well sidebar-nav">
<ul class="nav nav-list">
      <li><a href="index.html" title="About"><span class="none"></span>About</a>  </li>
          <li class="nav-header">Project Documentation</li>
    <li><a href="project-info.html" title="Project Information"><span class="icon-chevron-right"></span>Project Information</a>  </li>
    <li><a href="project-reports.html" title="Project Reports"><span class="icon-chevron-down"></span>Project Reports</a>
      <ul class="nav nav-list">
    <li><a href="dependency-analysis.html" title="Dependency Analysis"><span class="none"></span>Dependency Analysis</a>  </li>
    <li><a href="apidocs/index.html" title="Javadoc"><span class="none"></span>Javadoc</a>  </li>
    <li><a href="xref/index.html" title="Source Xref"><span class="none"></span>Source Xref</a>  </li>
    <li><a href="xref-test/index.html" title="Test Source Xref"><span class="none"></span>Test Source Xref</a>  </li>
    <li><a href="surefire-report.html" title="Surefire Report"><span class="none"></span>Surefire Report</a>  </li>
    <li class="active"><a href="#"><span class="none"></span>Failsafe Report</a>
  </li>
    <li><a href="jacoco-aggregate/index.html" title="JaCoCo Aggregate"><span class="none"></span>JaCoCo Aggregate</a>  </li>
    <li><a href="findbugs.html" title="FindBugs"><span class="none"></span>FindBugs</a>  </li>
    <li><a href="taglist.html" title="Tag List"><span class="none"></span>Tag List</a>  </li>
    <li><a href="dependency-updates-report.html" title="Dependency Updates Report"><span class="none"></span>Dependency Updates Report</a>  </li>
    <li><a href="plugin-updates-report.html" title="Plugin Updates Report"><span class="none"></span>Plugin Updates Report</a>  </li>
    <li><a href="checkstyle.html" title="Checkstyle"><span class="none"></span>Checkstyle</a>  </li>
    <li><a href="cpd.html" title="CPD"><span class="none"></span>CPD</a>  </li>
    <li><a href="pmd.html" title="PMD"><span class="none"></span>PMD</a>  </li>
      </ul>
  </li>
  </ul>
          <hr />
          <div id="poweredBy">
          <script type="text/javascript">asyncJs( 'https://apis.google.com/js/plusone.js' )</script>
        <div class="g-plusone" data-href="https://github.com/jeremylong/DependencyCheck.git/dependency-check-core" data-size="tall" ></div>
                  <div class="clear"></div>
              <div class="clear"></div>
                          <div id="twitter">
        <a href="https://twitter.com/ctxt" class="twitter-follow-button" data-show-count="true" data-align="left" data-size="medium" data-show-screen-name="true" data-lang="en">Follow ctxt</a>
    <script type="text/javascript">!function(d,s,id){var js,fjs=d.getElementsByTagName(s)[0];if(!d.getElementById(id)){js=d.createElement(s);js.id=id;js.src="//platform.twitter.com/widgets.js";fjs.parentNode.insertBefore(js,fjs);}}(document,"script","twitter-wjs");</script>
        </div>
                  <div class="clear"></div>
              <div class="clear"></div>
  <a href="https://www.ej-technologies.com/products/jprofiler/overview.html" title="JProfiler" class="builtBy"><img class="builtBy"  alt="JProfiler Java Profiler" src="http://jeremylong.github.io/DependencyCheck/images/logos/jprofiler.png"   width="170px"  /></a>
<a href="http://www.jetbrains.com/idea/" title="IntelliJ" class="builtBy"><img class="builtBy"  alt="developed using IntelliJ" src="http://jeremylong.github.io/DependencyCheck/images/logos/logo_intellij_idea.png"   width="170px"  /></a>
              </div>
          </div>
        </div>
        <div id="bodyColumn"  class="span10" >
<script type="text/javascript">
//<![CDATA[
function toggleDisplay(elementId) {
 var elm = document.getElementById(elementId + 'error');
 if (elm && typeof elm.style != "undefined") {
 if (elm.style.display == "none") {
 elm.style.display = "";
 document.getElementById(elementId + 'off').style.display = "none";
 document.getElementById(elementId + 'on').style.display = "inline";
 } else if (elm.style.display == "") { elm.style.display = "none";
 document.getElementById(elementId + 'off').style.display = "inline";
 document.getElementById(elementId + 'on').style.display = "none";
 } 
 } 
 }
//]]>
</script>
<div class="section">
<h2><a name="Surefire_Report"></a>Surefire Report</h2></div>
<div class="section">
<h2><a name="Summary"></a>Summary</h2><a name="Summary"></a>
<p>[<a href="#Summary">Summary</a>] [<a href="#Package_List">Package List</a>] [<a href="#Test_Cases">Test Cases</a>]</p><br />
<table border="1" class="table table-striped">
<tr class="a">
<th>Tests</th>
<th>Errors </th>
<th>Failures</th>
<th>Skipped</th>
<th>Success Rate</th>
<th>Time</th></tr>
<tr class="b">
<td>43</td>
<td>0</td>
<td>0</td>
<td>3</td>
<td>93.023%</td>
<td>189.095</td></tr></table><br />
<p>Note: failures are anticipated and checked for with assertions while errors are unanticipated.</p><br /></div>
<div class="section">
<h2><a name="Package_List"></a>Package List</h2><a name="Package_List"></a>
<p>[<a href="#Summary">Summary</a>] [<a href="#Package_List">Package List</a>] [<a href="#Test_Cases">Test Cases</a>]</p><br />
<table border="1" class="table table-striped">
<tr class="a">
<th>Package</th>
<th>Tests</th>
<th>Errors </th>
<th>Failures</th>
<th>Skipped</th>
<th>Success Rate</th>
<th>Time</th></tr>
<tr class="b">
<td><a href="#org.owasp.dependencycheck.reporting">org.owasp.dependencycheck.reporting</a></td>
<td>1</td>
<td>0</td>
<td>0</td>
<td>0</td>
<td>100%</td>
<td>2.282</td></tr>
<tr class="a">
<td><a href="#org.owasp.dependencycheck">org.owasp.dependencycheck</a></td>
<td>3</td>
<td>0</td>
<td>0</td>
<td>0</td>
<td>100%</td>
<td>97.835</td></tr>
<tr class="b">
<td><a href="#org.owasp.dependencycheck.analyzer">org.owasp.dependencycheck.analyzer</a></td>
<td>28</td>
<td>0</td>
<td>0</td>
<td>3</td>
<td>89.286%</td>
<td>86.969</td></tr>
<tr class="a">
<td><a href="#org.owasp.dependencycheck.data.update">org.owasp.dependencycheck.data.update</a></td>
<td>1</td>
<td>0</td>
<td>0</td>
<td>0</td>
<td>100%</td>
<td>0.498</td></tr>
<tr class="b">
<td><a href="#org.owasp.dependencycheck.data.nvdcve">org.owasp.dependencycheck.data.nvdcve</a></td>
<td>10</td>
<td>0</td>
<td>0</td>
<td>0</td>
<td>100%</td>
<td>1.511</td></tr></table><br />
<p>Note: package statistics are not computed recursively, they only sum up all of its testsuites numbers.</p>
<div class="section">
<h3><a name="org.owasp.dependencycheck.reporting"></a>org.owasp.dependencycheck.reporting</h3><a name="org.owasp.dependencycheck.reporting"></a>
<table border="1" class="table table-striped">
<tr class="a">
<th></th>
<th>Class</th>
<th>Tests</th>
<th>Errors </th>
<th>Failures</th>
<th>Skipped</th>
<th>Success Rate</th>
<th>Time</th></tr>
<tr class="b">
<td><a href="#org.owasp.dependencycheck.reportingReportGeneratorIT"><img src="images/icon_success_sml.gif" alt="" /></a></td>
<td><a href="#org.owasp.dependencycheck.reportingReportGeneratorIT">ReportGeneratorIT</a></td>
<td>1</td>
<td>0</td>
<td>0</td>
<td>0</td>
<td>100%</td>
<td>2.282</td></tr></table></div>
<div class="section">
<h3><a name="org.owasp.dependencycheck"></a>org.owasp.dependencycheck</h3><a name="org.owasp.dependencycheck"></a>
<table border="1" class="table table-striped">
<tr class="a">
<th></th>
<th>Class</th>
<th>Tests</th>
<th>Errors </th>
<th>Failures</th>
<th>Skipped</th>
<th>Success Rate</th>
<th>Time</th></tr>
<tr class="b">
<td><a href="#org.owasp.dependencycheckEngineModeIT"><img src="images/icon_success_sml.gif" alt="" /></a></td>
<td><a href="#org.owasp.dependencycheckEngineModeIT">EngineModeIT</a></td>
<td>2</td>
<td>0</td>
<td>0</td>
<td>0</td>
<td>100%</td>
<td>65.936</td></tr>
<tr class="a">
<td><a href="#org.owasp.dependencycheckEngineIT"><img src="images/icon_success_sml.gif" alt="" /></a></td>
<td><a href="#org.owasp.dependencycheckEngineIT">EngineIT</a></td>
<td>1</td>
<td>0</td>
<td>0</td>
<td>0</td>
<td>100%</td>
<td>31.899</td></tr></table></div>
<div class="section">
<h3><a name="org.owasp.dependencycheck.analyzer"></a>org.owasp.dependencycheck.analyzer</h3><a name="org.owasp.dependencycheck.analyzer"></a>
<table border="1" class="table table-striped">
<tr class="a">
<th></th>
<th>Class</th>
<th>Tests</th>
<th>Errors </th>
<th>Failures</th>
<th>Skipped</th>
<th>Success Rate</th>
<th>Time</th></tr>
<tr class="b">
<td><a href="#org.owasp.dependencycheck.analyzerArchiveAnalyzerIT"><img src="images/icon_success_sml.gif" alt="" /></a></td>
<td><a href="#org.owasp.dependencycheck.analyzerArchiveAnalyzerIT">ArchiveAnalyzerIT</a></td>
<td>13</td>
<td>0</td>
<td>0</td>
<td>0</td>
<td>100%</td>
<td>9.586</td></tr>
<tr class="a">
<td><a href="#org.owasp.dependencycheck.analyzerDependencyBundlingAnalyzerIT"><img src="images/icon_success_sml.gif" alt="" /></a></td>
<td><a href="#org.owasp.dependencycheck.analyzerDependencyBundlingAnalyzerIT">DependencyBundlingAnalyzerIT</a></td>
<td>1</td>
<td>0</td>
<td>0</td>
<td>0</td>
<td>100%</td>
<td>0.007</td></tr>
<tr class="b">
<td><a href="#org.owasp.dependencycheck.analyzerRubyBundleAuditAnalyzerIT"><img src="images/icon_warning_sml.gif" alt="" /></a></td>
<td><a href="#org.owasp.dependencycheck.analyzerRubyBundleAuditAnalyzerIT">RubyBundleAuditAnalyzerIT</a></td>
<td>6</td>
<td>0</td>
<td>0</td>
<td>3</td>
<td>50%</td>
<td>66.359</td></tr>
<tr class="a">
<td><a href="#org.owasp.dependencycheck.analyzerCPEAnalyzerIT"><img src="images/icon_success_sml.gif" alt="" /></a></td>
<td><a href="#org.owasp.dependencycheck.analyzerCPEAnalyzerIT">CPEAnalyzerIT</a></td>
<td>5</td>
<td>0</td>
<td>0</td>
<td>0</td>
<td>100%</td>
<td>9.708</td></tr>
<tr class="b">
<td><a href="#org.owasp.dependencycheck.analyzerVulnerabilitySuppressionAnalyzerIT"><img src="images/icon_success_sml.gif" alt="" /></a></td>
<td><a href="#org.owasp.dependencycheck.analyzerVulnerabilitySuppressionAnalyzerIT">VulnerabilitySuppressionAnalyzerIT</a></td>
<td>3</td>
<td>0</td>
<td>0</td>
<td>0</td>
<td>100%</td>
<td>1.309</td></tr></table></div>
<div class="section">
<h3><a name="org.owasp.dependencycheck.data.update"></a>org.owasp.dependencycheck.data.update</h3><a name="org.owasp.dependencycheck.data.update"></a>
<table border="1" class="table table-striped">
<tr class="a">
<th></th>
<th>Class</th>
<th>Tests</th>
<th>Errors </th>
<th>Failures</th>
<th>Skipped</th>
<th>Success Rate</th>
<th>Time</th></tr>
<tr class="b">
<td><a href="#org.owasp.dependencycheck.data.updateNvdCveUpdaterIT"><img src="images/icon_success_sml.gif" alt="" /></a></td>
<td><a href="#org.owasp.dependencycheck.data.updateNvdCveUpdaterIT">NvdCveUpdaterIT</a></td>
<td>1</td>
<td>0</td>
<td>0</td>
<td>0</td>
<td>100%</td>
<td>0.498</td></tr></table></div>
<div class="section">
<h3><a name="org.owasp.dependencycheck.data.nvdcve"></a>org.owasp.dependencycheck.data.nvdcve</h3><a name="org.owasp.dependencycheck.data.nvdcve"></a>
<table border="1" class="table table-striped">
<tr class="a">
<th></th>
<th>Class</th>
<th>Tests</th>
<th>Errors </th>
<th>Failures</th>
<th>Skipped</th>
<th>Success Rate</th>
<th>Time</th></tr>
<tr class="b">
<td><a href="#org.owasp.dependencycheck.data.nvdcveDatabasePropertiesIT"><img src="images/icon_success_sml.gif" alt="" /></a></td>
<td><a href="#org.owasp.dependencycheck.data.nvdcveDatabasePropertiesIT">DatabasePropertiesIT</a></td>
<td>5</td>
<td>0</td>
<td>0</td>
<td>0</td>
<td>100%</td>
<td>0.713</td></tr>
<tr class="a">
<td><a href="#org.owasp.dependencycheck.data.nvdcveCveDBIT"><img src="images/icon_success_sml.gif" alt="" /></a></td>
<td><a href="#org.owasp.dependencycheck.data.nvdcveCveDBIT">CveDBIT</a></td>
<td>5</td>
<td>0</td>
<td>0</td>
<td>0</td>
<td>100%</td>
<td>0.798</td></tr></table></div><br /></div>
<div class="section">
<h2><a name="Test_Cases"></a>Test Cases</h2><a name="Test_Cases"></a>
<p>[<a href="#Summary">Summary</a>] [<a href="#Package_List">Package List</a>] [<a href="#Test_Cases">Test Cases</a>]</p>
<div class="section">
<h3><a name="ArchiveAnalyzerIT"></a>ArchiveAnalyzerIT</h3><a name="org.owasp.dependencycheck.analyzerArchiveAnalyzerIT"></a>
<table border="1" class="table table-striped">
<tr class="a">
<td><img src="images/icon_success_sml.gif" alt="" /></td>
<td><a name="TC_org.owasp.dependencycheck.analyzer.ArchiveAnalyzerIT.testAnalyzeExecutableJar"></a>testAnalyzeExecutableJar</td>
<td>0.077</td></tr>
<tr class="b">
<td><img src="images/icon_success_sml.gif" alt="" /></td>
<td><a name="TC_org.owasp.dependencycheck.analyzer.ArchiveAnalyzerIT.testAnalyzeTar"></a>testAnalyzeTar</td>
<td>0.999</td></tr>
<tr class="a">
<td><img src="images/icon_success_sml.gif" alt="" /></td>
<td><a name="TC_org.owasp.dependencycheck.analyzer.ArchiveAnalyzerIT.testAnalyzeTgz"></a>testAnalyzeTgz</td>
<td>2.431</td></tr>
<tr class="b">
<td><img src="images/icon_success_sml.gif" alt="" /></td>
<td><a name="TC_org.owasp.dependencycheck.analyzer.ArchiveAnalyzerIT.testAnalyzeTarBz2"></a>testAnalyzeTarBz2</td>
<td>2.334</td></tr>
<tr class="a">
<td><img src="images/icon_success_sml.gif" alt="" /></td>
<td><a name="TC_org.owasp.dependencycheck.analyzer.ArchiveAnalyzerIT.testAnalyze"></a>testAnalyze</td>
<td>0.093</td></tr>
<tr class="b">
<td><img src="images/icon_success_sml.gif" alt="" /></td>
<td><a name="TC_org.owasp.dependencycheck.analyzer.ArchiveAnalyzerIT.testGetAnalysisPhase"></a>testGetAnalysisPhase</td>
<td>0.001</td></tr>
<tr class="a">
<td><img src="images/icon_success_sml.gif" alt="" /></td>
<td><a name="TC_org.owasp.dependencycheck.analyzer.ArchiveAnalyzerIT.testGetName"></a>testGetName</td>
<td>0</td></tr>
<tr class="b">
<td><img src="images/icon_success_sml.gif" alt="" /></td>
<td><a name="TC_org.owasp.dependencycheck.analyzer.ArchiveAnalyzerIT.testAnalyze_badZip"></a>testAnalyze_badZip</td>
<td>0.003</td></tr>
<tr class="a">
<td><img src="images/icon_success_sml.gif" alt="" /></td>
<td><a name="TC_org.owasp.dependencycheck.analyzer.ArchiveAnalyzerIT.testInitialize"></a>testInitialize</td>
<td>0.001</td></tr>
<tr class="b">
<td><img src="images/icon_success_sml.gif" alt="" /></td>
<td><a name="TC_org.owasp.dependencycheck.analyzer.ArchiveAnalyzerIT.testAnalyzeTbz2"></a>testAnalyzeTbz2</td>
<td>2.051</td></tr>
<tr class="a">
<td><img src="images/icon_success_sml.gif" alt="" /></td>
<td><a name="TC_org.owasp.dependencycheck.analyzer.ArchiveAnalyzerIT.testAnalyzeTarGz"></a>testAnalyzeTarGz</td>
<td>1.591</td></tr>
<tr class="b">
<td><img src="images/icon_success_sml.gif" alt="" /></td>
<td><a name="TC_org.owasp.dependencycheck.analyzer.ArchiveAnalyzerIT.testSupportsExtension"></a>testSupportsExtension</td>
<td>0</td></tr>
<tr class="a">
<td><img src="images/icon_success_sml.gif" alt="" /></td>
<td><a name="TC_org.owasp.dependencycheck.analyzer.ArchiveAnalyzerIT.testSupportsExtensions"></a>testSupportsExtensions</td>
<td>0</td></tr></table></div>
<div class="section">
<h3><a name="ReportGeneratorIT"></a>ReportGeneratorIT</h3><a name="org.owasp.dependencycheck.reportingReportGeneratorIT"></a>
<table border="1" class="table table-striped">
<tr class="a">
<td><img src="images/icon_success_sml.gif" alt="" /></td>
<td><a name="TC_org.owasp.dependencycheck.reporting.ReportGeneratorIT.testGenerateReport"></a>testGenerateReport</td>
<td>2.28</td></tr></table></div>
<div class="section">
<h3><a name="DependencyBundlingAnalyzerIT"></a>DependencyBundlingAnalyzerIT</h3><a name="org.owasp.dependencycheck.analyzerDependencyBundlingAnalyzerIT"></a>
<table border="1" class="table table-striped">
<tr class="a">
<td><img src="images/icon_success_sml.gif" alt="" /></td>
<td><a name="TC_org.owasp.dependencycheck.analyzer.DependencyBundlingAnalyzerIT.testAnalyze"></a>testAnalyze</td>
<td>0.005</td></tr></table></div>
<div class="section">
<h3><a name="RubyBundleAuditAnalyzerIT"></a>RubyBundleAuditAnalyzerIT</h3><a name="org.owasp.dependencycheck.analyzerRubyBundleAuditAnalyzerIT"></a>
<table border="1" class="table table-striped">
<tr class="a">
<td><img src="images/icon_success_sml.gif" alt="" /></td>
<td><a name="TC_org.owasp.dependencycheck.analyzer.RubyBundleAuditAnalyzerIT.testMissingBundleAudit"></a>testMissingBundleAudit</td>
<td>3.292</td></tr>
<tr class="b">
<td><img src="images/icon_success_sml.gif" alt="" /></td>
<td><a name="TC_org.owasp.dependencycheck.analyzer.RubyBundleAuditAnalyzerIT.testGetName"></a>testGetName</td>
<td>0.011</td></tr>
<tr class="a">
<td><a href="#org.owasp.dependencycheck.analyzer.RubyBundleAuditAnalyzerIT.testAnalysis"><img src="images/icon_warning_sml.gif" alt="" /></a></td>
<td><a name="TC_org.owasp.dependencycheck.analyzer.RubyBundleAuditAnalyzerIT.testAnalysis"></a><a href="#org.owasp.dependencycheck.analyzer.RubyBundleAuditAnalyzerIT.testAnalysis">testAnalysis</a>
<div class="detailToggle" style="display:inline"><a href="javascript:toggleDisplay(&apos;org.owasp.dependencycheck.analyzer.RubyBundleAuditAnalyzerIT.testAnalysis&apos;);"><span style="display:inline;" id="org.owasp.dependencycheck.analyzer.RubyBundleAuditAnalyzerIT.testAnalysisoff"> + </span><span style="display:none;" id="org.owasp.dependencycheck.analyzer.RubyBundleAuditAnalyzerIT.testAnalysison"> - </span>[ Detail ]</a></div></td>
<td>0</td></tr>
<tr class="b">
<td></td>
<td>Exception setting up RubyBundleAuditAnalyzer; bundle audit may not be installed, or property &quot;analyzer.bundle.audit.path&quot; may not be set.: got: &lt;org.owasp.dependencycheck.exception.InitializationException: Exception from bundle-audit process: java.io.IOException: Cannot run program &quot;bundle-audit&quot; (in directory &quot;/home/travis/build/jeremylong/DependencyCheck/dependency-check-core/target/temp/dctempd7c245b5-5795-4045-948d-2fbbadf05be2&quot;): error=2, No such file or directory. Disabling Ruby Bundle Audit Analyzer&gt;, expected: null</td>
<td></td></tr>
<tr class="a">
<td><a href="#org.owasp.dependencycheck.analyzer.RubyBundleAuditAnalyzerIT.testDependenciesPath"><img src="images/icon_warning_sml.gif" alt="" /></a></td>
<td><a name="TC_org.owasp.dependencycheck.analyzer.RubyBundleAuditAnalyzerIT.testDependenciesPath"></a><a href="#org.owasp.dependencycheck.analyzer.RubyBundleAuditAnalyzerIT.testDependenciesPath">testDependenciesPath</a>
<div class="detailToggle" style="display:inline"><a href="javascript:toggleDisplay(&apos;org.owasp.dependencycheck.analyzer.RubyBundleAuditAnalyzerIT.testDependenciesPath&apos;);"><span style="display:inline;" id="org.owasp.dependencycheck.analyzer.RubyBundleAuditAnalyzerIT.testDependenciesPathoff"> + </span><span style="display:none;" id="org.owasp.dependencycheck.analyzer.RubyBundleAuditAnalyzerIT.testDependenciesPathon"> - </span>[ Detail ]</a></div></td>
<td>0</td></tr>
<tr class="b">
<td></td>
<td>Exception setting up RubyBundleAuditAnalyzer; bundle audit may not be installed, or property &quot;analyzer.bundle.audit.path&quot; may not be set.: got: &lt;org.owasp.dependencycheck.exception.ExceptionCollection: One or more exceptions occurred during dependency-check analysis
 Exception from bundle-audit process: java.io.IOException: Cannot run program &quot;bundle-audit&quot; (in directory &quot;/home/travis/build/jeremylong/DependencyCheck/dependency-check-core/target/temp/dctempe70825ee-1a7d-4ecf-9494-82e5f20651c1&quot;): error=2, No such file or directory. Disabling Ruby Bundle Audit Analyzer&gt;, expected: null</td>
<td></td></tr>
<tr class="a">
<td><a href="#org.owasp.dependencycheck.analyzer.RubyBundleAuditAnalyzerIT.testAddCriticalityToVulnerability"><img src="images/icon_warning_sml.gif" alt="" /></a></td>
<td><a name="TC_org.owasp.dependencycheck.analyzer.RubyBundleAuditAnalyzerIT.testAddCriticalityToVulnerability"></a><a href="#org.owasp.dependencycheck.analyzer.RubyBundleAuditAnalyzerIT.testAddCriticalityToVulnerability">testAddCriticalityToVulnerability</a>
<div class="detailToggle" style="display:inline"><a href="javascript:toggleDisplay(&apos;org.owasp.dependencycheck.analyzer.RubyBundleAuditAnalyzerIT.testAddCriticalityToVulnerability&apos;);"><span style="display:inline;" id="org.owasp.dependencycheck.analyzer.RubyBundleAuditAnalyzerIT.testAddCriticalityToVulnerabilityoff"> + </span><span style="display:none;" id="org.owasp.dependencycheck.analyzer.RubyBundleAuditAnalyzerIT.testAddCriticalityToVulnerabilityon"> - </span>[ Detail ]</a></div></td>
<td>0</td></tr>
<tr class="b">
<td></td>
<td>Exception setting up RubyBundleAuditAnalyzer; bundle audit may not be installed, or property &quot;analyzer.bundle.audit.path&quot; may not be set.: got: &lt;org.owasp.dependencycheck.exception.InitializationException: Exception from bundle-audit process: java.io.IOException: Cannot run program &quot;bundle-audit&quot; (in directory &quot;/home/travis/build/jeremylong/DependencyCheck/dependency-check-core/target/temp/dctemp4535a887-341a-43af-a27b-a21d80e46542&quot;): error=2, No such file or directory. Disabling Ruby Bundle Audit Analyzer&gt;, expected: null</td>
<td></td></tr>
<tr class="a">
<td><img src="images/icon_success_sml.gif" alt="" /></td>
<td><a name="TC_org.owasp.dependencycheck.analyzer.RubyBundleAuditAnalyzerIT.testSupportsFiles"></a>testSupportsFiles</td>
<td>0.005</td></tr></table></div>
<div class="section">
<h3><a name="NvdCveUpdaterIT"></a>NvdCveUpdaterIT</h3><a name="org.owasp.dependencycheck.data.updateNvdCveUpdaterIT"></a>
<table border="1" class="table table-striped">
<tr class="a">
<td><img src="images/icon_success_sml.gif" alt="" /></td>
<td><a name="TC_org.owasp.dependencycheck.data.update.NvdCveUpdaterIT.testUpdatesNeeded"></a>testUpdatesNeeded</td>
<td>0.496</td></tr></table></div>
<div class="section">
<h3><a name="DatabasePropertiesIT"></a>DatabasePropertiesIT</h3><a name="org.owasp.dependencycheck.data.nvdcveDatabasePropertiesIT"></a>
<table border="1" class="table table-striped">
<tr class="a">
<td><img src="images/icon_success_sml.gif" alt="" /></td>
<td><a name="TC_org.owasp.dependencycheck.data.nvdcve.DatabasePropertiesIT.testSave"></a>testSave</td>
<td>0.144</td></tr>
<tr class="b">
<td><img src="images/icon_success_sml.gif" alt="" /></td>
<td><a name="TC_org.owasp.dependencycheck.data.nvdcve.DatabasePropertiesIT.testGetProperty_String_String"></a>testGetProperty_String_String</td>
<td>0.137</td></tr>
<tr class="a">
<td><img src="images/icon_success_sml.gif" alt="" /></td>
<td><a name="TC_org.owasp.dependencycheck.data.nvdcve.DatabasePropertiesIT.testGetProperties"></a>testGetProperties</td>
<td>0.139</td></tr>
<tr class="b">
<td><img src="images/icon_success_sml.gif" alt="" /></td>
<td><a name="TC_org.owasp.dependencycheck.data.nvdcve.DatabasePropertiesIT.testGetProperty_String"></a>testGetProperty_String</td>
<td>0.152</td></tr>
<tr class="a">
<td><img src="images/icon_success_sml.gif" alt="" /></td>
<td><a name="TC_org.owasp.dependencycheck.data.nvdcve.DatabasePropertiesIT.testIsEmpty"></a>testIsEmpty</td>
<td>0.138</td></tr></table></div>
<div class="section">
<h3><a name="CPEAnalyzerIT"></a>CPEAnalyzerIT</h3><a name="org.owasp.dependencycheck.analyzerCPEAnalyzerIT"></a>
<table border="1" class="table table-striped">
<tr class="a">
<td><img src="images/icon_success_sml.gif" alt="" /></td>
<td><a name="TC_org.owasp.dependencycheck.analyzer.CPEAnalyzerIT.testSearchCPE"></a>testSearchCPE</td>
<td>2.944</td></tr>
<tr class="b">
<td><img src="images/icon_success_sml.gif" alt="" /></td>
<td><a name="TC_org.owasp.dependencycheck.analyzer.CPEAnalyzerIT.testDetermineCPE"></a>testDetermineCPE</td>
<td>2.215</td></tr>
<tr class="a">
<td><img src="images/icon_success_sml.gif" alt="" /></td>
<td><a name="TC_org.owasp.dependencycheck.analyzer.CPEAnalyzerIT.testDetermineIdentifiers"></a>testDetermineIdentifiers</td>
<td>1.834</td></tr>
<tr class="b">
<td><img src="images/icon_success_sml.gif" alt="" /></td>
<td><a name="TC_org.owasp.dependencycheck.analyzer.CPEAnalyzerIT.testDetermineCPE_full"></a>testDetermineCPE_full</td>
<td>2.712</td></tr>
<tr class="a">
<td><img src="images/icon_success_sml.gif" alt="" /></td>
<td><a name="TC_org.owasp.dependencycheck.analyzer.CPEAnalyzerIT.testBuildSearch"></a>testBuildSearch</td>
<td>0.001</td></tr></table></div>
<div class="section">
<h3><a name="EngineModeIT"></a>EngineModeIT</h3><a name="org.owasp.dependencycheckEngineModeIT"></a>
<table border="1" class="table table-striped">
<tr class="a">
<td><img src="images/icon_success_sml.gif" alt="" /></td>
<td><a name="TC_org.owasp.dependencycheck.EngineModeIT.testEvidenceCollectionAndEvidenceProcessingModes"></a>testEvidenceCollectionAndEvidenceProcessingModes</td>
<td>33.474</td></tr>
<tr class="b">
<td><img src="images/icon_success_sml.gif" alt="" /></td>
<td><a name="TC_org.owasp.dependencycheck.EngineModeIT.testStandaloneMode"></a>testStandaloneMode</td>
<td>32.455</td></tr></table></div>
<div class="section">
<h3><a name="CveDBIT"></a>CveDBIT</h3><a name="org.owasp.dependencycheck.data.nvdcveCveDBIT"></a>
<table border="1" class="table table-striped">
<tr class="a">
<td><img src="images/icon_success_sml.gif" alt="" /></td>
<td><a name="TC_org.owasp.dependencycheck.data.nvdcve.CveDBIT.testOpen"></a>testOpen</td>
<td>0.136</td></tr>
<tr class="b">
<td><img src="images/icon_success_sml.gif" alt="" /></td>
<td><a name="TC_org.owasp.dependencycheck.data.nvdcve.CveDBIT.testGetCPEs"></a>testGetCPEs</td>
<td>0.147</td></tr>
<tr class="a">
<td><img src="images/icon_success_sml.gif" alt="" /></td>
<td><a name="TC_org.owasp.dependencycheck.data.nvdcve.CveDBIT.testGetVulnerabilities"></a>testGetVulnerabilities</td>
<td>0.213</td></tr>
<tr class="b">
<td><img src="images/icon_success_sml.gif" alt="" /></td>
<td><a name="TC_org.owasp.dependencycheck.data.nvdcve.CveDBIT.testGetMatchingSoftware"></a>testGetMatchingSoftware</td>
<td>0.161</td></tr>
<tr class="a">
<td><img src="images/icon_success_sml.gif" alt="" /></td>
<td><a name="TC_org.owasp.dependencycheck.data.nvdcve.CveDBIT.testgetVulnerability"></a>testgetVulnerability</td>
<td>0.136</td></tr></table></div>
<div class="section">
<h3><a name="EngineIT"></a>EngineIT</h3><a name="org.owasp.dependencycheckEngineIT"></a>
<table border="1" class="table table-striped">
<tr class="a">
<td><img src="images/icon_success_sml.gif" alt="" /></td>
<td><a name="TC_org.owasp.dependencycheck.EngineIT.testEngine"></a>testEngine</td>
<td>31.899</td></tr></table></div>
<div class="section">
<h3><a name="VulnerabilitySuppressionAnalyzerIT"></a>VulnerabilitySuppressionAnalyzerIT</h3><a name="org.owasp.dependencycheck.analyzerVulnerabilitySuppressionAnalyzerIT"></a>
<table border="1" class="table table-striped">
<tr class="a">
<td><img src="images/icon_success_sml.gif" alt="" /></td>
<td><a name="TC_org.owasp.dependencycheck.analyzer.VulnerabilitySuppressionAnalyzerIT.testAnalyze"></a>testAnalyze</td>
<td>1.306</td></tr>
<tr class="b">
<td><img src="images/icon_success_sml.gif" alt="" /></td>
<td><a name="TC_org.owasp.dependencycheck.analyzer.VulnerabilitySuppressionAnalyzerIT.testGetAnalysisPhase"></a>testGetAnalysisPhase</td>
<td>0</td></tr>
<tr class="a">
<td><img src="images/icon_success_sml.gif" alt="" /></td>
<td><a name="TC_org.owasp.dependencycheck.analyzer.VulnerabilitySuppressionAnalyzerIT.testGetName"></a>testGetName</td>
<td>0.001</td></tr></table></div><br /></div>
<div class="section">
<h2><a name="Failure_Details"></a>Failure Details</h2><a name="Failure_Details"></a>
<p>[<a href="#Summary">Summary</a>] [<a href="#Package_List">Package List</a>] [<a href="#Test_Cases">Test Cases</a>]</p><br />
<table border="1" class="table table-striped">
<tr class="a">
<td><img src="images/icon_warning_sml.gif" alt="" /></td>
<td><a name="org.owasp.dependencycheck.analyzer.RubyBundleAuditAnalyzerIT.testAnalysis"></a>testAnalysis</td></tr>
<tr class="b">
<td></td>
<td>skipped: Exception setting up RubyBundleAuditAnalyzer; bundle audit may not be installed, or property &quot;analyzer.bundle.audit.path&quot; may not be set.: got: &lt;org.owasp.dependencycheck.exception.InitializationException: Exception from bundle-audit process: java.io.IOException: Cannot run program &quot;bundle-audit&quot; (in directory &quot;/home/travis/build/jeremylong/DependencyCheck/dependency-check-core/target/temp/dctempd7c245b5-5795-4045-948d-2fbbadf05be2&quot;): error=2, No such file or directory. Disabling Ruby Bundle Audit Analyzer&gt;, expected: null</td></tr>
<tr class="a">
<td><img src="images/icon_warning_sml.gif" alt="" /></td>
<td><a name="org.owasp.dependencycheck.analyzer.RubyBundleAuditAnalyzerIT.testDependenciesPath"></a>testDependenciesPath</td></tr>
<tr class="b">
<td></td>
<td>skipped: Exception setting up RubyBundleAuditAnalyzer; bundle audit may not be installed, or property &quot;analyzer.bundle.audit.path&quot; may not be set.: got: &lt;org.owasp.dependencycheck.exception.ExceptionCollection: One or more exceptions occurred during dependency-check analysis
 Exception from bundle-audit process: java.io.IOException: Cannot run program &quot;bundle-audit&quot; (in directory &quot;/home/travis/build/jeremylong/DependencyCheck/dependency-check-core/target/temp/dctempe70825ee-1a7d-4ecf-9494-82e5f20651c1&quot;): error=2, No such file or directory. Disabling Ruby Bundle Audit Analyzer&gt;, expected: null</td></tr>
<tr class="a">
<td><img src="images/icon_warning_sml.gif" alt="" /></td>
<td><a name="org.owasp.dependencycheck.analyzer.RubyBundleAuditAnalyzerIT.testAddCriticalityToVulnerability"></a>testAddCriticalityToVulnerability</td></tr>
<tr class="b">
<td></td>
<td>skipped: Exception setting up RubyBundleAuditAnalyzer; bundle audit may not be installed, or property &quot;analyzer.bundle.audit.path&quot; may not be set.: got: &lt;org.owasp.dependencycheck.exception.InitializationException: Exception from bundle-audit process: java.io.IOException: Cannot run program &quot;bundle-audit&quot; (in directory &quot;/home/travis/build/jeremylong/DependencyCheck/dependency-check-core/target/temp/dctemp4535a887-341a-43af-a27b-a21d80e46542&quot;): error=2, No such file or directory. Disabling Ruby Bundle Audit Analyzer&gt;, expected: null</td></tr></table><br /></div>
        </div>
      </div>
    </div>
    <hr/>
    <footer>
      <div class="container-fluid">
        <div class="row-fluid">
            <p>Copyright &copy;2012&#x2013;2018
<a href="http://www.owasp.org">OWASP</a>.
All rights reserved.</p>
        </div>
        </div>
    </footer>
    </body>
</html>
